{"level":"error","message":"There is an error in authorization","timestamp":"2022-04-18T15:22:48.961Z"}
{"level":"error","message":"There is an error in authorization","timestamp":"2022-04-18T15:23:46.977Z"}
{"level":"error","message":"There is an error in authorization","timestamp":"2022-04-18T15:23:58.887Z"}
{"level":"error","message":"There is an error in authorization","timestamp":"2022-04-18T15:24:17.203Z"}
{"level":"error","message":"There is an error in authorization","timestamp":"2022-04-18T15:26:27.005Z"}
{"level":"error","message":"There is an error in authorization","timestamp":"2022-04-18T15:26:40.206Z"}
{"level":"error","message":"There is an error in authorization","timestamp":"2022-04-18T15:27:47.892Z"}
{"level":"error","message":"There is an error in authorization","timestamp":"2022-04-18T15:28:08.066Z"}
{"level":"error","message":"There is an error in authorization","timestamp":"2022-04-18T15:28:41.885Z"}
{"level":"error","message":"There is an error in authorization","timestamp":"2022-04-18T15:28:53.599Z"}
{"level":"error","message":"There is an error in authorization","timestamp":"2022-04-18T15:29:05.426Z"}
{"level":"error","message":"There is an error in signup","timestamp":"2022-04-18T15:30:17.161Z"}
{"level":"error","message":"There is an error in signup","timestamp":"2022-04-18T15:30:47.234Z"}
{"level":"error","message":"There is an error in signup","timestamp":"2022-04-19T04:58:35.681Z"}
{"level":"error","message":"There is an error in signin","timestamp":"2022-04-19T05:00:45.715Z"}
{"level":"error","message":"There is an error in signin","timestamp":"2022-04-19T05:05:04.729Z"}
{"level":"error","message":"There is an error in signin","timestamp":"2022-04-19T05:05:36.289Z"}
{"level":"error","message":"There is an error in signin","timestamp":"2022-04-19T05:06:22.620Z"}
{"level":"error","message":"There is an error in signin","timestamp":"2022-04-19T05:06:24.415Z"}
{"level":"error","message":"There is an error in signin","timestamp":"2022-04-19T05:08:16.721Z"}
{"level":"error","message":"There is an error in signin","timestamp":"2022-04-19T05:08:36.701Z"}
{"level":"error","message":"There is an error in signin","timestamp":"2022-04-19T05:08:47.156Z"}
{"level":"error","message":"There is an error in signin","timestamp":"2022-04-19T05:08:48.102Z"}
{"level":"error","message":"There is an error in signin","timestamp":"2022-04-19T05:09:35.897Z"}
{"level":"error","message":"There is an error in signin","timestamp":"2022-04-19T05:09:36.710Z"}
{"level":"error","message":"There is an error in signin","timestamp":"2022-04-19T05:12:27.201Z"}
{"level":"error","message":"There is an error in signin","timestamp":"2022-04-19T05:12:28.019Z"}
{"level":"error","message":"There is an error in signin","timestamp":"2022-04-19T05:12:41.877Z"}
{"level":"error","message":"There is an error in signin","timestamp":"2022-04-19T05:13:43.070Z"}
{"level":"error","message":"There is an error in signin","timestamp":"2022-04-19T05:13:45.129Z"}
{"level":"error","message":"There is an error in signin","timestamp":"2022-04-19T05:13:55.123Z"}
{"level":"error","message":"There is an error in signin","timestamp":"2022-04-19T05:13:55.998Z"}
{"level":"error","message":"There is an error in signin","timestamp":"2022-04-19T05:14:28.037Z"}
{"level":"error","message":"There is an error in signin","timestamp":"2022-04-19T05:17:18.538Z"}
{"level":"error","message":"There is an error in signin","timestamp":"2022-04-19T05:17:34.517Z"}
{"level":"error","message":"There is an error in signin","timestamp":"2022-04-19T05:17:41.127Z"}
{"level":"error","message":"There is an error in signin","timestamp":"2022-04-19T05:17:56.416Z"}
{"level":"error","message":"There is an error in signin","timestamp":"2022-04-19T05:19:37.814Z"}
{"level":"error","message":"There is an error in signin","timestamp":"2022-04-19T05:22:27.807Z"}
{"level":"error","message":"There is an error in signin","timestamp":"2022-04-19T05:23:06.614Z"}
{"level":"error","message":"There is an error in updating book","timestamp":"2022-04-19T05:26:18.503Z"}
{"level":"error","message":"There is an error in signin","timestamp":"2022-04-19T05:31:03.091Z"}
{"level":"error","message":"There is an error in updating book","timestamp":"2022-04-19T05:33:03.731Z"}
{"level":"error","message":"There is an error in signin","timestamp":"2022-04-20T16:59:50.144Z"}
{"level":"error","message":"There is an error in signin","timestamp":"2022-04-21T06:12:24.056Z"}
{"level":"error","message":"There is an error in signin","timestamp":"2022-04-21T06:14:34.605Z"}
{"level":"error","message":"There is an error in signin","timestamp":"2022-04-21T06:16:53.947Z"}
{"level":"error","message":"There is an error in signin","timestamp":"2022-04-21T06:18:19.294Z"}
{"level":"error","message":"There is an error in signin","timestamp":"2022-04-21T06:32:08.765Z"}
{"level":"error","message":"There is an error in signin","timestamp":"2022-04-21T06:52:04.847Z"}
{"level":"error","message":"There is an error in signin","timestamp":"2022-04-21T06:55:33.942Z"}
{"level":"error","message":"There is an error in signin","timestamp":"2022-04-21T06:56:39.632Z"}
{"level":"error","message":"There is an error in signin","timestamp":"2022-04-21T06:59:27.768Z"}
{"level":"error","message":"There is an error in signin","timestamp":"2022-04-21T07:24:13.308Z"}
{"level":"error","message":"There is an error in authorization","timestamp":"2022-04-21T09:27:13.490Z"}
{"level":"error","message":"There is an error in authorization","timestamp":"2022-04-21T09:27:13.494Z"}
{"level":"error","message":"There is an error in authorization","timestamp":"2022-04-21T09:27:13.502Z"}
{"level":"error","message":"There is an error in authorization","timestamp":"2022-04-21T09:27:14.455Z"}
{"level":"error","message":"There is an error in authorization","timestamp":"2022-04-21T09:40:35.477Z"}
{"level":"error","message":"There is an error in authorization","timestamp":"2022-04-21T09:40:54.487Z"}
{"level":"error","message":"There is an error in authorization","timestamp":"2022-04-21T09:40:54.490Z"}
{"level":"error","message":"There is an error in authorization","timestamp":"2022-04-21T09:40:54.493Z"}
{"level":"error","message":"There is an error in authorization","timestamp":"2022-04-21T09:40:54.502Z"}
{"level":"error","message":"There is an error in authorization","timestamp":"2022-04-21T09:40:54.505Z"}
{"level":"error","message":"There is an error in authorization","timestamp":"2022-04-21T09:40:59.473Z"}
{"level":"error","message":"There is an error in authorization","timestamp":"2022-04-21T09:41:08.474Z"}
{"level":"error","message":"There is an error in authorization","timestamp":"2022-04-21T09:41:10.479Z"}
{"level":"error","message":"There is an error in authorization","timestamp":"2022-04-21T09:41:59.204Z"}
{"level":"error","message":"There is an error in authorization","timestamp":"2022-04-21T09:42:36.371Z"}
{"level":"error","message":"There is an error in authorization","timestamp":"2022-04-21T09:42:56.040Z"}
{"level":"error","message":"There is an error in signin","timestamp":"2022-04-21T09:43:11.054Z"}
{"level":"error","message":"There is an error in authorization","timestamp":"2022-04-21T11:43:11.016Z"}
{"level":"error","message":"There is an error in authorization","timestamp":"2022-04-21T11:43:18.152Z"}
{"level":"error","message":"There is an error in authorization","timestamp":"2022-04-21T11:43:20.771Z"}
{"level":"error","message":"There is an error in signin","timestamp":"2022-04-21T11:43:38.126Z"}
{"level":"error","message":"There is an error in signin","timestamp":"2022-04-22T05:28:57.978Z"}
{"level":"error","message":"There is an error in saving book","timestamp":"2022-04-22T05:29:20.962Z"}
{"level":"error","message":"There is an error in signin","timestamp":"2022-04-22T05:30:02.006Z"}
{"level":"error","message":"There is an error in signin","timestamp":"2022-04-22T06:54:55.681Z"}
{"level":"error","message":"There is an error in signin","timestamp":"2022-04-22T06:55:18.385Z"}
{"level":"error","message":"There is an error in signin","timestamp":"2022-04-22T06:55:19.405Z"}
{"level":"error","message":"There is an error in signin","timestamp":"2022-04-22T06:55:19.586Z"}
{"level":"error","message":"There is an error in signin","timestamp":"2022-04-22T06:55:19.791Z"}
{"level":"error","message":"There is an error in signin","timestamp":"2022-04-22T06:59:40.380Z"}
{"level":"error","message":"There is an error in signin","timestamp":"2022-04-22T07:00:07.565Z"}
{"level":"error","message":"There is an error in signin","timestamp":"2022-04-22T07:00:56.638Z"}
{"level":"error","message":"There is an error in signin","timestamp":"2022-04-22T07:01:16.938Z"}
{"level":"error","message":"There is an error in signin","timestamp":"2022-04-22T07:02:23.416Z"}
{"level":"error","message":"There is an error in signin","timestamp":"2022-04-22T07:02:24.771Z"}
{"level":"error","message":"There is an error in signin","timestamp":"2022-04-22T07:02:24.940Z"}
{"level":"error","message":"There is an error in signin","timestamp":"2022-04-22T07:02:25.089Z"}
{"level":"error","message":"There is an error in signin","timestamp":"2022-04-22T07:02:25.268Z"}
{"level":"error","message":"There is an error in signin","timestamp":"2022-04-22T07:02:25.476Z"}
{"level":"error","message":"There is an error in signin","timestamp":"2022-04-22T07:03:43.540Z"}
{"level":"error","message":"There is an error in signin","timestamp":"2022-04-22T07:04:46.998Z"}
{"level":"error","message":"There is an error in signin","timestamp":"2022-04-22T07:05:52.492Z"}
{"level":"error","message":"There is an error in signin","timestamp":"2022-04-22T07:06:20.416Z"}
{"level":"error","message":"There is an error in signin","timestamp":"2022-04-22T07:07:47.688Z"}
{"level":"error","message":"There is an error in signin","timestamp":"2022-04-22T07:08:16.448Z"}
{"level":"error","message":"There is an error in signin","timestamp":"2022-04-22T07:09:31.062Z"}
{"level":"error","message":"There is an error in signin","timestamp":"2022-04-22T07:09:54.473Z"}
{"level":"error","message":"There is an error in signin","timestamp":"2022-04-22T07:10:31.733Z"}
{"level":"error","message":"There is an error in signin","timestamp":"2022-04-22T07:10:53.782Z"}
{"level":"error","message":"There is an error in signin","timestamp":"2022-04-22T07:11:24.318Z"}
{"level":"error","message":"There is an error in signin","timestamp":"2022-04-22T07:12:11.004Z"}
{"level":"error","message":"There is an error in signin","timestamp":"2022-04-22T07:12:30.633Z"}
{"level":"error","message":"There is an error in signin","timestamp":"2022-04-22T07:13:07.223Z"}
{"level":"error","message":"There is an error in signin","timestamp":"2022-04-22T07:13:33.299Z"}
{"level":"error","message":"There is an error in signin","timestamp":"2022-04-22T07:14:42.130Z"}
{"level":"error","message":"There is an error in signin","timestamp":"2022-04-22T07:18:45.037Z"}
{"level":"error","message":"There is an error in signin","timestamp":"2022-04-22T07:24:44.462Z"}
{"level":"error","message":"There is an error in authorization","timestamp":"2022-04-22T07:43:53.728Z"}
{"level":"error","message":"There is an error in authorization","timestamp":"2022-04-22T07:43:59.327Z"}
{"level":"error","message":"There is an error in authorization","timestamp":"2022-04-22T07:44:03.032Z"}
{"level":"error","message":"There is an error in authorization","timestamp":"2022-04-22T07:44:06.141Z"}
{"level":"error","message":"There is an error in authorization","timestamp":"2022-04-22T07:44:15.227Z"}
{"level":"error","message":"There is an error in authorization","timestamp":"2022-04-22T07:53:13.472Z"}
{"level":"error","message":"There is an error in authorization","timestamp":"2022-04-22T07:53:16.547Z"}
{"level":"error","message":"There is an error in authorization","timestamp":"2022-04-22T07:53:17.287Z"}
{"level":"error","message":"There is an error in authorization","timestamp":"2022-04-22T07:53:17.816Z"}
{"level":"error","message":"There is an error in authorization","timestamp":"2022-04-22T07:53:18.337Z"}
{"level":"error","message":"There is an error in authorization","timestamp":"2022-04-22T07:53:19.303Z"}
{"level":"error","message":"There is an error in signin","timestamp":"2022-04-22T09:22:13.153Z"}
{"level":"error","message":"There is an error in signin","timestamp":"2022-04-22T09:22:21.140Z"}
{"level":"error","message":"There is an error in signin","timestamp":"2022-04-22T09:22:36.846Z"}
{"level":"error","message":"There is an error in signin","timestamp":"2022-04-22T09:23:10.730Z"}
{"level":"error","message":"There is an error in signin","timestamp":"2022-04-22T09:23:18.224Z"}
{"level":"error","message":"There is an error in authorization","timestamp":"2022-04-22T09:30:18.762Z"}
{"level":"error","message":"There is an error in authorization","timestamp":"2022-04-22T09:31:04.261Z"}
{"level":"error","message":"There is an error in authorization","timestamp":"2022-04-22T09:33:12.234Z"}
{"level":"error","message":"There is an error in authorization","timestamp":"2022-04-22T09:33:37.376Z"}
{"level":"error","message":"There is an error in authorization","timestamp":"2022-04-22T09:35:05.009Z"}
{"level":"error","message":"There is an error in authorization","timestamp":"2022-04-22T09:35:49.594Z"}
{"level":"error","message":"There is an error in authorization","timestamp":"2022-04-22T09:36:05.915Z"}
{"level":"error","message":"There is an error in authorization","timestamp":"2022-04-22T09:36:26.946Z"}
{"level":"error","message":"There is an error in signin","timestamp":"2022-04-22T09:37:02.072Z"}
{"level":"error","message":"There is an error in saving book","timestamp":"2022-04-22T09:38:26.306Z"}
{"level":"error","message":"There is an error in saving book","timestamp":"2022-04-22T09:38:51.492Z"}
{"level":"error","message":"There is an error in saving book","timestamp":"2022-04-22T09:39:36.545Z"}
{"level":"error","message":"There is an error in saving book","timestamp":"2022-04-22T09:39:53.099Z"}
{"level":"error","message":"There is an error in saving book","timestamp":"2022-04-22T09:40:03.834Z"}
{"level":"error","message":"There is an error in saving book","timestamp":"2022-04-22T09:43:12.378Z"}
{"level":"error","message":"There is an error in saving book","timestamp":"2022-04-22T09:47:15.203Z"}
{"level":"error","message":"There is an error in saving book","timestamp":"2022-04-22T09:48:43.247Z"}
{"level":"error","message":"There is an error in deleting book","timestamp":"2022-04-22T09:49:53.234Z"}
{"level":"error","message":"There is an error in deleting book","timestamp":"2022-04-22T09:50:26.788Z"}
{"level":"error","message":"There is an error in saving book","timestamp":"2022-04-22T09:51:45.649Z"}
{"level":"error","message":"There is an error in saving book","timestamp":"2022-04-22T09:51:46.890Z"}
{"level":"error","message":"There is an error in saving book","timestamp":"2022-04-22T09:51:47.040Z"}
{"level":"error","message":"There is an error in saving book","timestamp":"2022-04-22T09:51:47.179Z"}
{"level":"error","message":"There is an error in saving book","timestamp":"2022-04-22T09:51:47.328Z"}
{"level":"error","message":"There is an error in saving book","timestamp":"2022-04-22T09:51:47.479Z"}
{"level":"error","message":"There is an error in saving book","timestamp":"2022-04-22T09:52:30.394Z"}
{"level":"error","message":"There is an error in saving book","timestamp":"2022-04-22T09:55:47.178Z"}
{"level":"error","message":"There is an error in saving book","timestamp":"2022-04-22T09:55:57.345Z"}
{"level":"error","message":"There is an error in saving book","timestamp":"2022-04-22T09:56:15.140Z"}
{"level":"error","message":"There is an error in saving book","timestamp":"2022-04-22T09:56:16.064Z"}
{"level":"error","message":"There is an error in saving book","timestamp":"2022-04-22T09:56:16.456Z"}
{"level":"error","message":"There is an error in saving book","timestamp":"2022-04-22T09:56:16.639Z"}
{"level":"error","message":"There is an error in saving book","timestamp":"2022-04-22T09:56:16.894Z"}
{"level":"error","message":"There is an error in saving book","timestamp":"2022-04-22T09:57:50.090Z"}
{"level":"error","message":"There is an error in saving book","timestamp":"2022-04-22T09:58:05.243Z"}
{"level":"error","message":"There is an error in saving book","timestamp":"2022-04-22T09:59:23.449Z"}
{"level":"error","message":"There is an error in saving book","timestamp":"2022-04-22T10:04:47.836Z"}
{"level":"error","message":"There is an error in saving book","timestamp":"2022-04-22T10:05:13.492Z"}
{"level":"error","message":"There is an error in saving book","timestamp":"2022-04-22T10:05:41.309Z"}
{"level":"error","message":"There is an error in saving book","timestamp":"2022-04-22T10:06:08.314Z"}
{"level":"error","message":"There is an error in signin","timestamp":"2022-04-22T10:06:52.071Z"}
{"level":"error","message":"There is an error in saving book","timestamp":"2022-04-22T10:07:20.355Z"}
{"level":"error","message":"There is an error in saving book","timestamp":"2022-04-22T10:07:55.092Z"}
{"level":"error","message":"There is an error in saving book","timestamp":"2022-04-22T10:10:27.676Z"}
{"level":"error","message":"There is an error in saving book","timestamp":"2022-04-22T10:10:45.156Z"}
{"level":"error","message":"There is an error in saving book","timestamp":"2022-04-22T10:12:31.455Z"}
{"level":"error","message":"There is an error in saving book","timestamp":"2022-04-22T10:12:32.385Z"}
{"level":"error","message":"There is an error in saving book","timestamp":"2022-04-22T10:19:11.168Z"}
{"level":"error","message":"There is an error in saving book","timestamp":"2022-04-22T10:19:12.934Z"}
{"level":"error","message":"There is an error in saving book","timestamp":"2022-04-22T10:19:17.070Z"}
{"level":"error","message":"There is an error in saving book","timestamp":"2022-04-22T10:19:17.285Z"}
{"level":"error","message":"There is an error in saving book","timestamp":"2022-04-22T10:19:17.451Z"}
{"level":"error","message":"There is an error in saving book","timestamp":"2022-04-22T10:19:32.538Z"}
{"level":"error","message":"There is an error in saving book","timestamp":"2022-04-22T10:21:55.690Z"}
{"level":"error","message":"There is an error in saving book","timestamp":"2022-04-22T10:22:18.786Z"}
{"level":"error","message":"There is an error in saving book","timestamp":"2022-04-22T10:22:19.981Z"}
{"level":"error","message":"There is an error in saving book","timestamp":"2022-04-22T10:22:34.811Z"}
{"level":"error","message":"There is an error in saving book","timestamp":"2022-04-22T10:22:36.017Z"}
{"level":"error","message":"There is an error in saving book","timestamp":"2022-04-22T10:22:54.130Z"}
{"level":"error","message":"There is an error in saving book","timestamp":"2022-04-22T10:24:37.326Z"}
{"level":"error","message":"There is an error in saving book","timestamp":"2022-04-22T10:24:59.863Z"}
{"level":"error","message":"There is an error in saving book","timestamp":"2022-04-22T10:27:16.915Z"}
{"level":"error","message":"There is an error in saving book","timestamp":"2022-04-22T10:37:29.699Z"}
{"level":"error","message":"There is an error in saving book","timestamp":"2022-04-22T10:53:50.732Z"}
{"level":"error","message":"There is an error in signin","timestamp":"2022-04-22T10:54:33.908Z"}
{"level":"error","message":"There is an error in saving book","timestamp":"2022-04-22T10:54:52.391Z"}
{"level":"error","message":"There is an error in signin","timestamp":"2022-04-22T10:59:11.439Z"}
{"level":"error","message":"There is an error in saving book","timestamp":"2022-04-22T10:59:36.328Z"}
{"level":"error","message":"There is an error in saving book","timestamp":"2022-04-22T11:00:56.797Z"}
{"level":"error","message":"There is an error in saving book","timestamp":"2022-04-22T11:00:58.557Z"}
{"level":"error","message":"There is an error in saving book","timestamp":"2022-04-22T11:01:23.151Z"}
{"level":"error","message":"There is an error in saving book","timestamp":"2022-04-22T11:01:23.964Z"}
{"level":"error","message":"There is an error in saving book","timestamp":"2022-04-22T11:01:24.172Z"}
{"level":"error","message":"There is an error in saving book","timestamp":"2022-04-22T11:01:24.349Z"}
{"level":"error","message":"There is an error in saving book","timestamp":"2022-04-22T11:01:24.540Z"}
{"level":"error","message":"There is an error in saving book","timestamp":"2022-04-22T11:02:02.229Z"}
{"level":"error","message":"There is an error in saving book","timestamp":"2022-04-22T11:02:06.473Z"}
{"level":"error","message":"There is an error in saving book","timestamp":"2022-04-22T11:02:18.780Z"}
{"level":"error","message":"There is an error in saving book","timestamp":"2022-04-22T11:02:36.605Z"}
{"level":"error","message":"There is an error in saving book","timestamp":"2022-04-22T11:02:39.068Z"}
{"level":"error","message":"There is an error in saving book","timestamp":"2022-04-22T11:02:39.299Z"}
{"level":"error","message":"There is an error in saving book","timestamp":"2022-04-22T11:02:39.453Z"}
{"level":"error","message":"There is an error in saving book","timestamp":"2022-04-22T11:11:42.687Z"}
{"level":"error","message":"There is an error in saving book","timestamp":"2022-04-22T11:11:50.344Z"}
{"level":"error","message":"There is an error in saving book","timestamp":"2022-04-22T11:12:04.399Z"}
{"level":"error","message":"There is an error in saving book","timestamp":"2022-04-22T11:16:34.842Z"}
{"level":"error","message":"There is an error in saving book","timestamp":"2022-04-22T11:18:23.292Z"}
{"level":"error","message":"There is an error in saving book","timestamp":"2022-04-22T11:18:25.558Z"}
{"level":"error","message":"There is an error in saving book","timestamp":"2022-04-22T11:18:25.975Z"}
{"level":"error","message":"There is an error in saving book","timestamp":"2022-04-22T11:18:26.153Z"}
{"level":"error","message":"There is an error in signin","timestamp":"2022-04-22T11:19:39.013Z"}
{"level":"error","message":"There is an error in saving book","timestamp":"2022-04-22T11:20:55.373Z"}
{"level":"error","message":"There is an error in saving book","timestamp":"2022-04-22T11:21:01.270Z"}
{"level":"error","message":"There is an error in saving book","timestamp":"2022-04-22T11:21:44.015Z"}
{"level":"error","message":"There is an error in saving book","timestamp":"2022-04-22T11:22:10.542Z"}
{"level":"error","message":"There is an error in signin","timestamp":"2022-04-22T11:23:38.594Z"}
{"level":"error","message":"There is an error in signin","timestamp":"2022-04-22T11:23:52.475Z"}
{"level":"error","message":"There is an error in authorization","timestamp":"2022-04-22T11:24:01.866Z"}
{"level":"error","message":"There is an error in authorization","timestamp":"2022-04-22T11:24:12.605Z"}
{"level":"error","message":"There is an error in signin","timestamp":"2022-04-22T11:27:10.997Z"}
{"level":"error","message":"There is an error in signin","timestamp":"2022-04-25T05:27:39.429Z"}
{"level":"error","message":"There is an error in signin","timestamp":"2022-04-25T06:43:53.932Z"}
{"level":"error","message":"There is an error in deleting book","timestamp":"2022-04-25T06:50:10.948Z"}
{"level":"error","message":"There is an error in saving book","timestamp":"2022-04-25T06:52:04.867Z"}
{"level":"error","message":"There is an error in saving book","timestamp":"2022-04-25T06:52:12.217Z"}
{"level":"error","message":"There is an error in saving book","timestamp":"2022-04-25T06:56:33.768Z"}
{"level":"error","message":"There is an error in signin","timestamp":"2022-04-25T07:00:26.107Z"}
{"level":"error","message":"There is an error in saving book","timestamp":"2022-04-25T07:17:42.080Z"}
{"level":"error","message":"There is an error in saving book","timestamp":"2022-04-25T08:39:25.476Z"}
{"level":"error","message":"There is an error in saving book","timestamp":"2022-04-25T08:40:19.989Z"}
{"level":"error","message":"There is an error in authorization","timestamp":"2022-04-25T09:00:28.944Z"}
{"level":"error","message":"There is an error in authorization","timestamp":"2022-04-25T09:00:30.931Z"}
{"level":"error","message":"There is an error in authorization","timestamp":"2022-04-25T09:00:35.217Z"}
{"level":"error","message":"There is an error in authorization","timestamp":"2022-04-25T09:00:39.388Z"}
{"level":"error","message":"There is an error in authorization","timestamp":"2022-04-25T09:00:44.177Z"}
{"level":"error","message":"There is an error in authorization","timestamp":"2022-04-25T09:00:47.646Z"}
{"level":"error","message":"There is an error in authorization","timestamp":"2022-04-25T09:00:52.648Z"}
{"level":"error","message":"There is an error in signin","timestamp":"2022-04-25T09:01:16.623Z"}
{"level":"error","message":"There is an error in signin","timestamp":"2022-04-25T09:08:22.600Z"}
{"level":"error","message":"There is an error in deleting book","timestamp":"2022-04-25T09:12:34.398Z"}
{"level":"error","message":"There is an error in deleting book","timestamp":"2022-04-25T09:12:45.209Z"}
{"level":"error","message":"There is an error in deleting book","timestamp":"2022-04-25T09:12:47.816Z"}
{"level":"error","message":"There is an error in deleting book","timestamp":"2022-04-25T09:12:49.654Z"}
{"level":"error","message":"There is an error in signin","timestamp":"2022-04-25T10:30:44.696Z"}
{"level":"error","message":"There is an error in authorization","timestamp":"2022-04-25T12:32:12.832Z"}
{"level":"error","message":"There is an error in authorization","timestamp":"2022-04-25T12:32:15.342Z"}
{"level":"error","message":"There is an error in authorization","timestamp":"2022-04-25T12:32:17.623Z"}
{"level":"error","message":"There is an error in signin","timestamp":"2022-04-25T12:32:39.517Z"}
{"level":"error","message":"There is an error in deleting book","timestamp":"2022-04-25T12:48:54.234Z"}
{"level":"error","message":"There is an error in signin","timestamp":"2022-04-25T14:54:32.480Z"}
{"level":"error","message":"There is an error in signin","timestamp":"2022-04-25T15:11:38.447Z"}
{"level":"error","message":"There is an error in signin","timestamp":"2022-04-25T15:11:40.753Z"}
{"level":"error","message":"There is an error in signin","timestamp":"2022-04-25T15:11:43.982Z"}
{"level":"error","message":"There is an error in signin","timestamp":"2022-04-25T15:11:46.557Z"}
{"level":"error","message":"There is an error in signin","timestamp":"2022-04-25T15:11:54.504Z"}
{"level":"error","message":"There is an error in signin","timestamp":"2022-04-26T04:53:40.698Z"}
{"level":"error","message":"There is an error in signin","timestamp":"2022-04-26T04:54:11.871Z"}
{"level":"error","message":"There is an error in deleting book","timestamp":"2022-04-26T04:55:40.358Z"}
{"level":"error","message":"There is an error in signin","timestamp":"2022-04-26T05:00:43.615Z"}
