{"level":"error","message":"There is an error in authorization","timestamp":"2022-04-18T15:22:48.960Z"}
{"level":"error","message":"There is an error in authorization","timestamp":"2022-04-18T15:23:46.977Z"}
{"level":"error","message":"There is an error in authorization","timestamp":"2022-04-18T15:23:58.886Z"}
{"level":"error","message":"There is an error in authorization","timestamp":"2022-04-18T15:24:17.202Z"}
{"level":"error","message":"There is an error in authorization","timestamp":"2022-04-18T15:26:27.004Z"}
{"level":"error","message":"There is an error in authorization","timestamp":"2022-04-18T15:26:40.204Z"}
{"level":"error","message":"There is an error in authorization","timestamp":"2022-04-18T15:27:47.891Z"}
{"level":"error","message":"There is an error in authorization","timestamp":"2022-04-18T15:28:08.065Z"}
{"level":"error","message":"There is an error in authorization","timestamp":"2022-04-18T15:28:41.884Z"}
{"level":"error","message":"There is an error in authorization","timestamp":"2022-04-18T15:28:53.598Z"}
{"level":"error","message":"There is an error in authorization","timestamp":"2022-04-18T15:29:05.425Z"}
{"level":"error","message":"There is an error in signup","timestamp":"2022-04-18T15:30:17.161Z"}
{"level":"error","message":"There is an error in signup","timestamp":"2022-04-18T15:30:47.234Z"}
{"level":"error","message":"There is an error in signup","timestamp":"2022-04-19T04:58:35.680Z"}
{"level":"error","message":"There is an error in signin","timestamp":"2022-04-19T05:00:45.713Z"}
{"level":"error","message":"There is an error in signin","timestamp":"2022-04-19T05:05:04.729Z"}
{"level":"error","message":"There is an error in signin","timestamp":"2022-04-19T05:05:36.288Z"}
{"level":"error","message":"There is an error in signin","timestamp":"2022-04-19T05:06:22.619Z"}
{"level":"error","message":"There is an error in signin","timestamp":"2022-04-19T05:06:24.415Z"}
{"level":"error","message":"There is an error in signin","timestamp":"2022-04-19T05:08:16.720Z"}
{"level":"error","message":"There is an error in signin","timestamp":"2022-04-19T05:08:36.701Z"}
{"level":"error","message":"There is an error in signin","timestamp":"2022-04-19T05:08:47.155Z"}
{"level":"error","message":"There is an error in signin","timestamp":"2022-04-19T05:08:48.101Z"}
{"level":"error","message":"There is an error in signin","timestamp":"2022-04-19T05:09:35.896Z"}
{"level":"error","message":"There is an error in signin","timestamp":"2022-04-19T05:09:36.710Z"}
{"level":"error","message":"There is an error in signin","timestamp":"2022-04-19T05:12:27.199Z"}
{"level":"error","message":"There is an error in signin","timestamp":"2022-04-19T05:12:28.019Z"}
{"level":"error","message":"There is an error in signin","timestamp":"2022-04-19T05:12:41.875Z"}
{"level":"error","message":"There is an error in signin","timestamp":"2022-04-19T05:13:43.068Z"}
{"level":"error","message":"There is an error in signin","timestamp":"2022-04-19T05:13:45.129Z"}
{"level":"error","message":"There is an error in signin","timestamp":"2022-04-19T05:13:55.122Z"}
{"level":"error","message":"There is an error in signin","timestamp":"2022-04-19T05:13:55.998Z"}
{"level":"error","message":"There is an error in signin","timestamp":"2022-04-19T05:14:28.037Z"}
{"level":"error","message":"There is an error in signin","timestamp":"2022-04-19T05:17:18.537Z"}
{"level":"error","message":"There is an error in signin","timestamp":"2022-04-19T05:17:34.516Z"}
{"level":"error","message":"There is an error in signin","timestamp":"2022-04-19T05:17:41.126Z"}
{"level":"error","message":"There is an error in signin","timestamp":"2022-04-19T05:17:56.416Z"}
{"level":"error","message":"There is an error in signin","timestamp":"2022-04-19T05:19:37.813Z"}
{"level":"error","message":"There is an error in signin","timestamp":"2022-04-19T05:22:27.806Z"}
{"level":"error","message":"There is an error in signin","timestamp":"2022-04-19T05:23:06.613Z"}
{"level":"error","message":"There is an error in updating book","timestamp":"2022-04-19T05:26:18.503Z"}
{"level":"error","message":"There is an error in signin","timestamp":"2022-04-19T05:31:03.090Z"}
{"level":"error","message":"There is an error in updating book","timestamp":"2022-04-19T05:33:03.730Z"}
{"level":"error","message":"There is an error in signin","timestamp":"2022-04-20T16:59:50.143Z"}
{"level":"error","message":"There is an error in signin","timestamp":"2022-04-21T06:12:24.055Z"}
{"level":"error","message":"There is an error in signin","timestamp":"2022-04-21T06:14:34.605Z"}
{"level":"error","message":"There is an error in signin","timestamp":"2022-04-21T06:16:53.946Z"}
{"level":"error","message":"There is an error in signin","timestamp":"2022-04-21T06:18:19.293Z"}
{"level":"error","message":"There is an error in signin","timestamp":"2022-04-21T06:32:08.764Z"}
{"level":"error","message":"There is an error in signin","timestamp":"2022-04-21T06:52:04.846Z"}
{"level":"error","message":"There is an error in signin","timestamp":"2022-04-21T06:55:33.941Z"}
{"level":"error","message":"There is an error in signin","timestamp":"2022-04-21T06:56:39.630Z"}
{"level":"error","message":"There is an error in signin","timestamp":"2022-04-21T06:59:27.767Z"}
{"level":"error","message":"There is an error in signin","timestamp":"2022-04-21T07:24:13.307Z"}
{"level":"error","message":"There is an error in authorization","timestamp":"2022-04-21T09:27:13.489Z"}
{"level":"error","message":"There is an error in authorization","timestamp":"2022-04-21T09:27:13.494Z"}
{"level":"error","message":"There is an error in authorization","timestamp":"2022-04-21T09:27:13.502Z"}
{"level":"error","message":"There is an error in authorization","timestamp":"2022-04-21T09:27:14.455Z"}
{"level":"error","message":"There is an error in authorization","timestamp":"2022-04-21T09:40:35.475Z"}
{"level":"error","message":"There is an error in authorization","timestamp":"2022-04-21T09:40:54.486Z"}
{"level":"error","message":"There is an error in authorization","timestamp":"2022-04-21T09:40:54.490Z"}
{"level":"error","message":"There is an error in authorization","timestamp":"2022-04-21T09:40:54.493Z"}
{"level":"error","message":"There is an error in authorization","timestamp":"2022-04-21T09:40:54.502Z"}
{"level":"error","message":"There is an error in authorization","timestamp":"2022-04-21T09:40:54.505Z"}
{"level":"error","message":"There is an error in authorization","timestamp":"2022-04-21T09:40:59.471Z"}
{"level":"error","message":"There is an error in authorization","timestamp":"2022-04-21T09:41:08.472Z"}
{"level":"error","message":"There is an error in authorization","timestamp":"2022-04-21T09:41:10.477Z"}
{"level":"error","message":"There is an error in authorization","timestamp":"2022-04-21T09:41:59.203Z"}
{"level":"error","message":"There is an error in authorization","timestamp":"2022-04-21T09:42:36.369Z"}
{"level":"error","message":"There is an error in authorization","timestamp":"2022-04-21T09:42:56.039Z"}
{"level":"error","message":"There is an error in signin","timestamp":"2022-04-21T09:43:11.054Z"}
{"level":"error","message":"There is an error in authorization","timestamp":"2022-04-21T11:43:11.014Z"}
{"level":"error","message":"There is an error in authorization","timestamp":"2022-04-21T11:43:18.152Z"}
{"level":"error","message":"There is an error in authorization","timestamp":"2022-04-21T11:43:20.768Z"}
{"level":"error","message":"There is an error in signin","timestamp":"2022-04-21T11:43:38.126Z"}
{"level":"error","message":"There is an error in signin","timestamp":"2022-04-22T05:28:57.977Z"}
{"level":"error","message":"There is an error in saving book","timestamp":"2022-04-22T05:29:20.962Z"}
{"level":"error","message":"There is an error in signin","timestamp":"2022-04-22T05:30:02.005Z"}
{"level":"error","message":"There is an error in signin","timestamp":"2022-04-22T06:54:55.680Z"}
{"level":"error","message":"There is an error in signin","timestamp":"2022-04-22T06:55:18.385Z"}
{"level":"error","message":"There is an error in signin","timestamp":"2022-04-22T06:55:19.405Z"}
{"level":"error","message":"There is an error in signin","timestamp":"2022-04-22T06:55:19.586Z"}
{"level":"error","message":"There is an error in signin","timestamp":"2022-04-22T06:55:19.790Z"}
{"level":"error","message":"There is an error in signin","timestamp":"2022-04-22T06:59:40.379Z"}
{"level":"error","message":"There is an error in signin","timestamp":"2022-04-22T07:00:07.565Z"}
{"level":"error","message":"There is an error in signin","timestamp":"2022-04-22T07:00:56.636Z"}
{"level":"error","message":"There is an error in signin","timestamp":"2022-04-22T07:01:16.938Z"}
{"level":"error","message":"There is an error in signin","timestamp":"2022-04-22T07:02:23.415Z"}
{"level":"error","message":"There is an error in signin","timestamp":"2022-04-22T07:02:24.771Z"}
{"level":"error","message":"There is an error in signin","timestamp":"2022-04-22T07:02:24.939Z"}
{"level":"error","message":"There is an error in signin","timestamp":"2022-04-22T07:02:25.088Z"}
{"level":"error","message":"There is an error in signin","timestamp":"2022-04-22T07:02:25.268Z"}
{"level":"error","message":"There is an error in signin","timestamp":"2022-04-22T07:02:25.476Z"}
{"level":"error","message":"There is an error in signin","timestamp":"2022-04-22T07:03:43.539Z"}
{"level":"error","message":"There is an error in signin","timestamp":"2022-04-22T07:04:46.997Z"}
{"level":"error","message":"There is an error in signin","timestamp":"2022-04-22T07:05:52.492Z"}
{"level":"error","message":"There is an error in signin","timestamp":"2022-04-22T07:06:20.416Z"}
{"level":"error","message":"There is an error in signin","timestamp":"2022-04-22T07:07:47.688Z"}
{"level":"error","message":"There is an error in signin","timestamp":"2022-04-22T07:08:16.447Z"}
{"level":"error","message":"There is an error in signin","timestamp":"2022-04-22T07:09:31.061Z"}
{"level":"error","message":"There is an error in signin","timestamp":"2022-04-22T07:09:54.472Z"}
{"level":"error","message":"There is an error in signin","timestamp":"2022-04-22T07:10:31.732Z"}
{"level":"error","message":"There is an error in signin","timestamp":"2022-04-22T07:10:53.782Z"}
{"level":"error","message":"There is an error in signin","timestamp":"2022-04-22T07:11:24.317Z"}
{"level":"error","message":"There is an error in signin","timestamp":"2022-04-22T07:12:11.003Z"}
{"level":"error","message":"There is an error in signin","timestamp":"2022-04-22T07:12:30.632Z"}
{"level":"error","message":"There is an error in signin","timestamp":"2022-04-22T07:13:07.222Z"}
{"level":"error","message":"There is an error in signin","timestamp":"2022-04-22T07:13:33.299Z"}
{"level":"error","message":"There is an error in signin","timestamp":"2022-04-22T07:14:42.129Z"}
{"level":"error","message":"There is an error in signin","timestamp":"2022-04-22T07:18:45.036Z"}
{"level":"error","message":"There is an error in signin","timestamp":"2022-04-22T07:24:44.461Z"}
{"level":"error","message":"There is an error in authorization","timestamp":"2022-04-22T07:43:53.725Z"}
{"level":"error","message":"There is an error in authorization","timestamp":"2022-04-22T07:43:59.327Z"}
{"level":"error","message":"There is an error in authorization","timestamp":"2022-04-22T07:44:03.031Z"}
{"level":"error","message":"There is an error in authorization","timestamp":"2022-04-22T07:44:06.141Z"}
{"level":"error","message":"There is an error in authorization","timestamp":"2022-04-22T07:44:15.226Z"}
{"level":"error","message":"There is an error in authorization","timestamp":"2022-04-22T07:53:13.470Z"}
{"level":"error","message":"There is an error in authorization","timestamp":"2022-04-22T07:53:16.547Z"}
{"level":"error","message":"There is an error in authorization","timestamp":"2022-04-22T07:53:17.286Z"}
{"level":"error","message":"There is an error in authorization","timestamp":"2022-04-22T07:53:17.815Z"}
{"level":"error","message":"There is an error in authorization","timestamp":"2022-04-22T07:53:18.336Z"}
{"level":"error","message":"There is an error in authorization","timestamp":"2022-04-22T07:53:19.303Z"}
{"level":"error","message":"There is an error in signin","timestamp":"2022-04-22T09:22:13.153Z"}
{"level":"error","message":"There is an error in signin","timestamp":"2022-04-22T09:22:21.140Z"}
{"level":"error","message":"There is an error in signin","timestamp":"2022-04-22T09:22:36.845Z"}
{"level":"error","message":"There is an error in signin","timestamp":"2022-04-22T09:23:10.729Z"}
{"level":"error","message":"There is an error in signin","timestamp":"2022-04-22T09:23:18.223Z"}
{"level":"error","message":"There is an error in authorization","timestamp":"2022-04-22T09:30:18.761Z"}
{"level":"error","message":"There is an error in authorization","timestamp":"2022-04-22T09:31:04.259Z"}
{"level":"error","message":"There is an error in authorization","timestamp":"2022-04-22T09:33:12.232Z"}
{"level":"error","message":"There is an error in authorization","timestamp":"2022-04-22T09:33:37.374Z"}
{"level":"error","message":"There is an error in authorization","timestamp":"2022-04-22T09:35:05.006Z"}
{"level":"error","message":"There is an error in authorization","timestamp":"2022-04-22T09:35:49.593Z"}
{"level":"error","message":"There is an error in authorization","timestamp":"2022-04-22T09:36:05.913Z"}
{"level":"error","message":"There is an error in authorization","timestamp":"2022-04-22T09:36:26.945Z"}
{"level":"error","message":"There is an error in signin","timestamp":"2022-04-22T09:37:02.072Z"}
{"level":"error","message":"There is an error in saving book","timestamp":"2022-04-22T09:38:26.305Z"}
{"level":"error","message":"There is an error in saving book","timestamp":"2022-04-22T09:38:51.492Z"}
{"level":"error","message":"There is an error in saving book","timestamp":"2022-04-22T09:39:36.543Z"}
{"level":"error","message":"There is an error in saving book","timestamp":"2022-04-22T09:39:53.098Z"}
{"level":"error","message":"There is an error in saving book","timestamp":"2022-04-22T09:40:03.833Z"}
{"level":"error","message":"There is an error in saving book","timestamp":"2022-04-22T09:43:12.377Z"}
{"level":"error","message":"There is an error in saving book","timestamp":"2022-04-22T09:47:15.202Z"}
{"level":"error","message":"There is an error in saving book","timestamp":"2022-04-22T09:48:43.246Z"}
{"level":"error","message":"There is an error in deleting book","timestamp":"2022-04-22T09:49:53.233Z"}
{"level":"error","message":"There is an error in deleting book","timestamp":"2022-04-22T09:50:26.788Z"}
{"level":"error","message":"There is an error in saving book","timestamp":"2022-04-22T09:51:45.648Z"}
{"level":"error","message":"There is an error in saving book","timestamp":"2022-04-22T09:51:46.890Z"}
{"level":"error","message":"There is an error in saving book","timestamp":"2022-04-22T09:51:47.039Z"}
{"level":"error","message":"There is an error in saving book","timestamp":"2022-04-22T09:51:47.178Z"}
{"level":"error","message":"There is an error in saving book","timestamp":"2022-04-22T09:51:47.327Z"}
{"level":"error","message":"There is an error in saving book","timestamp":"2022-04-22T09:51:47.479Z"}
{"level":"error","message":"There is an error in saving book","timestamp":"2022-04-22T09:52:30.392Z"}
{"level":"error","message":"There is an error in saving book","timestamp":"2022-04-22T09:55:47.177Z"}
{"level":"error","message":"There is an error in saving book","timestamp":"2022-04-22T09:55:57.344Z"}
{"level":"error","message":"There is an error in saving book","timestamp":"2022-04-22T09:56:15.139Z"}
{"level":"error","message":"There is an error in saving book","timestamp":"2022-04-22T09:56:16.064Z"}
{"level":"error","message":"There is an error in saving book","timestamp":"2022-04-22T09:56:16.456Z"}
{"level":"error","message":"There is an error in saving book","timestamp":"2022-04-22T09:56:16.639Z"}
{"level":"error","message":"There is an error in saving book","timestamp":"2022-04-22T09:56:16.893Z"}
{"level":"error","message":"There is an error in saving book","timestamp":"2022-04-22T09:57:50.089Z"}
{"level":"error","message":"There is an error in saving book","timestamp":"2022-04-22T09:58:05.243Z"}
{"level":"error","message":"There is an error in saving book","timestamp":"2022-04-22T09:59:23.448Z"}
{"level":"error","message":"There is an error in saving book","timestamp":"2022-04-22T10:04:47.835Z"}
{"level":"error","message":"There is an error in saving book","timestamp":"2022-04-22T10:05:13.492Z"}
{"level":"error","message":"There is an error in saving book","timestamp":"2022-04-22T10:05:41.308Z"}
{"level":"error","message":"There is an error in saving book","timestamp":"2022-04-22T10:06:08.313Z"}
{"level":"error","message":"There is an error in signin","timestamp":"2022-04-22T10:06:52.071Z"}
{"level":"error","message":"There is an error in saving book","timestamp":"2022-04-22T10:07:20.354Z"}
{"level":"error","message":"There is an error in saving book","timestamp":"2022-04-22T10:07:55.091Z"}
{"level":"error","message":"There is an error in saving book","timestamp":"2022-04-22T10:10:27.675Z"}
{"level":"error","message":"There is an error in saving book","timestamp":"2022-04-22T10:10:45.156Z"}
{"level":"error","message":"There is an error in saving book","timestamp":"2022-04-22T10:12:31.454Z"}
{"level":"error","message":"There is an error in saving book","timestamp":"2022-04-22T10:12:32.385Z"}
{"level":"error","message":"There is an error in saving book","timestamp":"2022-04-22T10:19:11.167Z"}
{"level":"error","message":"There is an error in saving book","timestamp":"2022-04-22T10:19:12.933Z"}
{"level":"error","message":"There is an error in saving book","timestamp":"2022-04-22T10:19:17.070Z"}
{"level":"error","message":"There is an error in saving book","timestamp":"2022-04-22T10:19:17.285Z"}
{"level":"error","message":"There is an error in saving book","timestamp":"2022-04-22T10:19:17.450Z"}
{"level":"error","message":"There is an error in saving book","timestamp":"2022-04-22T10:19:32.538Z"}
{"level":"error","message":"There is an error in saving book","timestamp":"2022-04-22T10:21:55.689Z"}
{"level":"error","message":"There is an error in saving book","timestamp":"2022-04-22T10:22:18.785Z"}
{"level":"error","message":"There is an error in saving book","timestamp":"2022-04-22T10:22:19.981Z"}
{"level":"error","message":"There is an error in saving book","timestamp":"2022-04-22T10:22:34.809Z"}
{"level":"error","message":"There is an error in saving book","timestamp":"2022-04-22T10:22:36.017Z"}
{"level":"error","message":"There is an error in saving book","timestamp":"2022-04-22T10:22:54.130Z"}
{"level":"error","message":"There is an error in saving book","timestamp":"2022-04-22T10:24:37.325Z"}
{"level":"error","message":"There is an error in saving book","timestamp":"2022-04-22T10:24:59.863Z"}
{"level":"error","message":"There is an error in saving book","timestamp":"2022-04-22T10:27:16.914Z"}
{"level":"error","message":"There is an error in saving book","timestamp":"2022-04-22T10:37:29.698Z"}
{"level":"error","message":"There is an error in saving book","timestamp":"2022-04-22T10:53:50.731Z"}
{"level":"error","message":"There is an error in signin","timestamp":"2022-04-22T10:54:33.907Z"}
{"level":"error","message":"There is an error in saving book","timestamp":"2022-04-22T10:54:52.391Z"}
{"level":"error","message":"There is an error in signin","timestamp":"2022-04-22T10:59:11.437Z"}
{"level":"error","message":"There is an error in saving book","timestamp":"2022-04-22T10:59:36.328Z"}
{"level":"error","message":"There is an error in saving book","timestamp":"2022-04-22T11:00:56.796Z"}
{"level":"error","message":"There is an error in saving book","timestamp":"2022-04-22T11:00:58.557Z"}
{"level":"error","message":"There is an error in saving book","timestamp":"2022-04-22T11:01:23.150Z"}
{"level":"error","message":"There is an error in saving book","timestamp":"2022-04-22T11:01:23.963Z"}
{"level":"error","message":"There is an error in saving book","timestamp":"2022-04-22T11:01:24.172Z"}
{"level":"error","message":"There is an error in saving book","timestamp":"2022-04-22T11:01:24.349Z"}
{"level":"error","message":"There is an error in saving book","timestamp":"2022-04-22T11:01:24.539Z"}
{"level":"error","message":"There is an error in saving book","timestamp":"2022-04-22T11:02:02.228Z"}
{"level":"error","message":"There is an error in saving book","timestamp":"2022-04-22T11:02:06.473Z"}
{"level":"error","message":"There is an error in saving book","timestamp":"2022-04-22T11:02:18.780Z"}
{"level":"error","message":"There is an error in saving book","timestamp":"2022-04-22T11:02:36.605Z"}
{"level":"error","message":"There is an error in saving book","timestamp":"2022-04-22T11:02:39.068Z"}
{"level":"error","message":"There is an error in saving book","timestamp":"2022-04-22T11:02:39.299Z"}
{"level":"error","message":"There is an error in saving book","timestamp":"2022-04-22T11:02:39.452Z"}
{"level":"error","message":"There is an error in saving book","timestamp":"2022-04-22T11:11:42.686Z"}
{"level":"error","message":"There is an error in saving book","timestamp":"2022-04-22T11:11:50.343Z"}
{"level":"error","message":"There is an error in saving book","timestamp":"2022-04-22T11:12:04.399Z"}
{"level":"error","message":"There is an error in saving book","timestamp":"2022-04-22T11:16:34.841Z"}
{"level":"error","message":"There is an error in saving book","timestamp":"2022-04-22T11:18:23.291Z"}
{"level":"error","message":"There is an error in saving book","timestamp":"2022-04-22T11:18:25.558Z"}
{"level":"error","message":"There is an error in saving book","timestamp":"2022-04-22T11:18:25.975Z"}
{"level":"error","message":"There is an error in saving book","timestamp":"2022-04-22T11:18:26.153Z"}
{"level":"error","message":"There is an error in signin","timestamp":"2022-04-22T11:19:39.013Z"}
{"level":"error","message":"There is an error in saving book","timestamp":"2022-04-22T11:20:55.371Z"}
{"level":"error","message":"There is an error in saving book","timestamp":"2022-04-22T11:21:01.270Z"}
{"level":"error","message":"There is an error in saving book","timestamp":"2022-04-22T11:21:44.013Z"}
{"level":"error","message":"There is an error in saving book","timestamp":"2022-04-22T11:22:10.541Z"}
{"level":"error","message":"There is an error in signin","timestamp":"2022-04-22T11:23:38.593Z"}
{"level":"error","message":"There is an error in signin","timestamp":"2022-04-22T11:23:52.474Z"}
{"level":"error","message":"There is an error in authorization","timestamp":"2022-04-22T11:24:01.865Z"}
{"level":"error","message":"There is an error in authorization","timestamp":"2022-04-22T11:24:12.604Z"}
{"level":"error","message":"There is an error in signin","timestamp":"2022-04-22T11:27:10.997Z"}
{"level":"error","message":"There is an error in signin","timestamp":"2022-04-25T05:27:39.426Z"}
{"level":"error","message":"There is an error in signin","timestamp":"2022-04-25T06:43:53.931Z"}
{"level":"error","message":"There is an error in deleting book","timestamp":"2022-04-25T06:50:10.947Z"}
{"level":"error","message":"There is an error in saving book","timestamp":"2022-04-25T06:52:04.866Z"}
{"level":"error","message":"There is an error in saving book","timestamp":"2022-04-25T06:52:12.216Z"}
{"level":"error","message":"There is an error in saving book","timestamp":"2022-04-25T06:56:33.767Z"}
{"level":"error","message":"There is an error in signin","timestamp":"2022-04-25T07:00:26.106Z"}
{"level":"error","message":"There is an error in saving book","timestamp":"2022-04-25T07:17:42.079Z"}
{"level":"error","message":"There is an error in saving book","timestamp":"2022-04-25T08:39:25.474Z"}
{"level":"error","message":"There is an error in saving book","timestamp":"2022-04-25T08:40:19.988Z"}
{"level":"error","message":"There is an error in authorization","timestamp":"2022-04-25T09:00:28.942Z"}
{"level":"error","message":"There is an error in authorization","timestamp":"2022-04-25T09:00:30.930Z"}
{"level":"error","message":"There is an error in authorization","timestamp":"2022-04-25T09:00:35.216Z"}
{"level":"error","message":"There is an error in authorization","timestamp":"2022-04-25T09:00:39.388Z"}
{"level":"error","message":"There is an error in authorization","timestamp":"2022-04-25T09:00:44.177Z"}
{"level":"error","message":"There is an error in authorization","timestamp":"2022-04-25T09:00:47.645Z"}
{"level":"error","message":"There is an error in authorization","timestamp":"2022-04-25T09:00:52.648Z"}
{"level":"error","message":"There is an error in signin","timestamp":"2022-04-25T09:01:16.623Z"}
{"level":"error","message":"There is an error in signin","timestamp":"2022-04-25T09:08:22.599Z"}
{"level":"error","message":"There is an error in deleting book","timestamp":"2022-04-25T09:12:34.397Z"}
{"level":"error","message":"There is an error in deleting book","timestamp":"2022-04-25T09:12:45.209Z"}
{"level":"error","message":"There is an error in deleting book","timestamp":"2022-04-25T09:12:47.815Z"}
{"level":"error","message":"There is an error in deleting book","timestamp":"2022-04-25T09:12:49.654Z"}
{"level":"error","message":"There is an error in signin","timestamp":"2022-04-25T10:30:44.695Z"}
{"level":"error","message":"There is an error in authorization","timestamp":"2022-04-25T12:32:12.830Z"}
{"level":"error","message":"There is an error in authorization","timestamp":"2022-04-25T12:32:15.340Z"}
{"level":"error","message":"There is an error in authorization","timestamp":"2022-04-25T12:32:17.623Z"}
{"level":"error","message":"There is an error in signin","timestamp":"2022-04-25T12:32:39.517Z"}
{"level":"error","message":"There is an error in deleting book","timestamp":"2022-04-25T12:48:54.233Z"}
{"level":"error","message":"There is an error in signin","timestamp":"2022-04-25T14:54:32.478Z"}
{"level":"error","message":"There is an error in signin","timestamp":"2022-04-25T15:11:38.445Z"}
{"level":"error","message":"There is an error in signin","timestamp":"2022-04-25T15:11:40.752Z"}
{"level":"error","message":"There is an error in signin","timestamp":"2022-04-25T15:11:43.981Z"}
{"level":"error","message":"There is an error in signin","timestamp":"2022-04-25T15:11:46.557Z"}
{"level":"error","message":"There is an error in signin","timestamp":"2022-04-25T15:11:54.503Z"}
{"level":"error","message":"There is an error in signin","timestamp":"2022-04-26T04:53:40.697Z"}
{"level":"error","message":"There is an error in signin","timestamp":"2022-04-26T04:54:11.871Z"}
{"level":"error","message":"There is an error in deleting book","timestamp":"2022-04-26T04:55:40.357Z"}
{"level":"error","message":"There is an error in signin","timestamp":"2022-04-26T05:00:43.614Z"}
